GROUP,PACKAGE,CLASS,INSTRUCTION_MISSED,INSTRUCTION_COVERED,BRANCH_MISSED,BRANCH_COVERED,LINE_MISSED,LINE_COVERED,COMPLEXITY_MISSED,COMPLEXITY_COVERED,METHOD_MISSED,METHOD_COVERED
Foyer,tn.esprit.spring.Schedular,test,4,0,0,0,1,0,1,0,1,0
Foyer,tn.esprit.spring.Config,SpringDocConfig,166,0,0,0,45,0,11,0,11,0
Foyer,tn.esprit.spring.Services.Etudiant,EtudiantService,0,29,0,0,0,7,0,5,0,5
Foyer,tn.esprit.spring,FoyerApplication,8,0,0,0,3,0,2,0,2,0
Foyer,tn.esprit.spring.RestControllers,EtudiantRestController,0,24,0,0,0,7,0,5,0,5
Foyer,tn.esprit.spring.RestControllers,ReservationRestController,41,0,0,0,10,0,8,0,8,0
Foyer,tn.esprit.spring.AOP,FoyerAspect,36,0,0,0,11,0,5,0,5,0
Foyer,tn.esprit.spring.Services.Reservation,ReservationService,187,0,6,0,37,0,14,0,11,0
