<?xml version="1.0" encoding="UTF-8"?>
<testsuite xmlns:xsi="http://www.w3.org/2001/XMLSchema-instance" xsi:noNamespaceSchemaLocation="https://maven.apache.org/surefire/maven-surefire-plugin/xsd/surefire-test-report-3.0.xsd" version="3.0" name="tn.esprit.spring.Services.Reservation.ReservationServiceUnitTest" time="10.323" tests="5" errors="0" skipped="0" failures="0">
  <properties>
[...]
</properties>
  <testcase name="addOrUpdate_shouldSaveReservation" classname="tn.esprit.spring.Services.Reservation.ReservationServiceUnitTest" time="0.363">
    <system-out><![CDATA[20:30:50.170 [main] INFO org.springframework.test.context.support.AnnotationConfigContextLoaderUtils -- Could not detect default configuration classes for test class [tn.esprit.spring.Services.Reservation.ReservationServiceUnitTest]: ReservationServiceUnitTest does not declare any static, non-private, non-final, nested classes annotated with @Configuration.
20:30:50.419 [main] INFO org.springframework.boot.test.context.SpringBootTestContextBootstrapper -- Found @SpringBootConfiguration tn.esprit.spring.FoyerApplication for test class tn.esprit.spring.Services.Reservation.ReservationServiceUnitTest

  .   ____          _            __ _ _
 /\\ / ___'_ __ _ _(_)_ __  __ _ \ \ \ \
( ( )\___ | '_ | '_| | '_ \/ _` | \ \ \ \
 \\/  ___)| |_)| | | | | || (_| |  ) ) ) )
  '  |____| .__|_| |_|_| |_\__, | / / / /
 =========|_|==============|___/=/_/_/_/
 :: Spring Boot ::                (v3.1.5)

2024-11-01T20:30:51.319+01:00  INFO 23948 --- [           main] t.e.s.S.R.ReservationServiceUnitTest     : Starting ReservationServiceUnitTest using Java 17.0.10 with PID 23948 (started by TROOPY in C:\Users\TROOPY\Documents\5ARCTIC6\DevOps\PROJET 5arctic6\Foyer\Foyer)
2024-11-01T20:30:51.322+01:00  INFO 23948 --- [           main] t.e.s.S.R.ReservationServiceUnitTest     : The following 1 profile is active: "test"
2024-11-01T20:30:52.602+01:00  INFO 23948 --- [           main] .s.d.r.c.RepositoryConfigurationDelegate : Bootstrapping Spring Data JPA repositories in DEFAULT mode.
2024-11-01T20:30:52.717+01:00  INFO 23948 --- [           main] .s.d.r.c.RepositoryConfigurationDelegate : Finished Spring Data repository scanning in 86 ms. Found 2 JPA repository interfaces.
2024-11-01T20:30:52.865+01:00  INFO 23948 --- [           main] beddedDataSourceBeanFactoryPostProcessor : Replacing 'dataSource' DataSource bean with embedded version
2024-11-01T20:30:53.599+01:00  INFO 23948 --- [           main] o.s.j.d.e.EmbeddedDatabaseFactory        : Starting embedded database: url='jdbc:h2:mem:992957a9-1e58-47c7-86dd-85844cb66ba7;DB_CLOSE_DELAY=-1;DB_CLOSE_ON_EXIT=false', username='sa'
2024-11-01T20:30:54.269+01:00  INFO 23948 --- [           main] o.hibernate.jpa.internal.util.LogHelper  : HHH000204: Processing PersistenceUnitInfo [name: default]
2024-11-01T20:30:54.389+01:00  INFO 23948 --- [           main] org.hibernate.Version                    : HHH000412: Hibernate ORM core version 6.2.13.Final
2024-11-01T20:30:54.394+01:00  INFO 23948 --- [           main] org.hibernate.cfg.Environment            : HHH000406: Using bytecode reflection optimizer
2024-11-01T20:30:54.720+01:00  INFO 23948 --- [           main] o.s.o.j.p.SpringPersistenceUnitInfo      : No LoadTimeWeaver setup: ignoring JPA class transformer
2024-11-01T20:30:54.824+01:00  WARN 23948 --- [           main] org.hibernate.orm.deprecation            : HHH90000025: H2Dialect does not need to be specified explicitly using 'hibernate.dialect' (remove the property setting and it will be selected by default)
2024-11-01T20:30:56.026+01:00  INFO 23948 --- [           main] o.h.e.t.j.p.i.JtaPlatformInitiator       : HHH000489: No JTA platform available (set 'hibernate.transaction.jta.platform' to enable JTA platform integration)
Hibernate: drop table if exists t_etudiant cascade 
Hibernate: drop table if exists t_reservation cascade 
Hibernate: drop table if exists t_reservation_etudiants cascade 
Hibernate: create table t_etudiant (date_naissance date, cin bigint not null, id_etudiant bigint generated by default as identity, ecole varchar(255), nom_et varchar(255), prenom_et varchar(255), primary key (id_etudiant))
Hibernate: create table t_reservation (annee_universitaire date, est_valide boolean not null, id_reservation varchar(255) not null, primary key (id_reservation))
Hibernate: create table t_reservation_etudiants (etudiants_id_etudiant bigint not null, reservations_id_reservation varchar(255) not null)
Hibernate: alter table if exists t_reservation_etudiants add constraint FKsa01fwp72jakxi8b9soapl32w foreign key (etudiants_id_etudiant) references t_etudiant
Hibernate: alter table if exists t_reservation_etudiants add constraint FKko0c1l3ctx308jlueriyg90yc foreign key (reservations_id_reservation) references t_reservation
2024-11-01T20:30:56.104+01:00  INFO 23948 --- [           main] j.LocalContainerEntityManagerFactoryBean : Initialized JPA EntityManagerFactory for persistence unit 'default'
2024-11-01T20:30:56.833+01:00  INFO 23948 --- [           main] o.s.d.j.r.query.QueryEnhancerFactory     : Hibernate is in classpath; If applicable, HQL parser will be used.
2024-11-01T20:30:57.582+01:00  WARN 23948 --- [           main] JpaBaseConfiguration$JpaWebConfiguration : spring.jpa.open-in-view is enabled by default. Therefore, database queries may be performed during view rendering. Explicitly configure spring.jpa.open-in-view to disable this warning
2024-11-01T20:30:59.500+01:00  INFO 23948 --- [           main] o.s.b.a.h2.H2ConsoleAutoConfiguration    : H2 console available at '/h2-console'. Database available at 'jdbc:h2:mem:992957a9-1e58-47c7-86dd-85844cb66ba7'
2024-11-01T20:30:59.654+01:00  INFO 23948 --- [           main] t.e.s.S.R.ReservationServiceUnitTest     : Started ReservationServiceUnitTest in 8.923 seconds (process running for 12.425)
Hibernate: select r1_0.id_reservation,r1_0.annee_universitaire,r1_0.est_valide from t_reservation r1_0
Hibernate: select r1_0.id_reservation,r1_0.annee_universitaire,r1_0.est_valide from t_reservation r1_0 where r1_0.id_reservation=?
Hibernate: insert into t_reservation (annee_universitaire,est_valide,id_reservation) values (?,?,?)
]]></system-out>
  </testcase>
  <testcase name="deleteById_shouldRemoveReservation" classname="tn.esprit.spring.Services.Reservation.ReservationServiceUnitTest" time="0.068">
    <system-out><![CDATA[Hibernate: select r1_0.id_reservation,r1_0.annee_universitaire,r1_0.est_valide from t_reservation r1_0
Hibernate: delete from t_reservation_etudiants where reservations_id_reservation=?
Hibernate: delete from t_reservation where id_reservation=?
Hibernate: select r1_0.id_reservation,r1_0.annee_universitaire,r1_0.est_valide from t_reservation r1_0 where r1_0.id_reservation=?
Hibernate: insert into t_reservation (annee_universitaire,est_valide,id_reservation) values (?,?,?)
Hibernate: select r1_0.id_reservation,r1_0.annee_universitaire,r1_0.est_valide from t_reservation r1_0 where r1_0.id_reservation=?
Hibernate: delete from t_reservation_etudiants where reservations_id_reservation=?
Hibernate: delete from t_reservation where id_reservation=?
Hibernate: select r1_0.id_reservation,r1_0.annee_universitaire,r1_0.est_valide from t_reservation r1_0 where r1_0.id_reservation=?
]]></system-out>
  </testcase>
  <testcase name="delete_shouldRemoveReservation" classname="tn.esprit.spring.Services.Reservation.ReservationServiceUnitTest" time="0.031">
    <system-out><![CDATA[Hibernate: select r1_0.id_reservation,r1_0.annee_universitaire,r1_0.est_valide from t_reservation r1_0
Hibernate: select r1_0.id_reservation,r1_0.annee_universitaire,r1_0.est_valide from t_reservation r1_0 where r1_0.id_reservation=?
Hibernate: insert into t_reservation (annee_universitaire,est_valide,id_reservation) values (?,?,?)
Hibernate: select r1_0.id_reservation,r1_0.annee_universitaire,r1_0.est_valide from t_reservation r1_0 where r1_0.id_reservation=?
Hibernate: select e1_0.reservations_id_reservation,e1_1.id_etudiant,e1_1.cin,e1_1.date_naissance,e1_1.ecole,e1_1.nom_et,e1_1.prenom_et from t_reservation_etudiants e1_0 join t_etudiant e1_1 on e1_1.id_etudiant=e1_0.etudiants_id_etudiant where e1_0.reservations_id_reservation=?
Hibernate: delete from t_reservation where id_reservation=?
Hibernate: select r1_0.id_reservation,r1_0.annee_universitaire,r1_0.est_valide from t_reservation r1_0 where r1_0.id_reservation=?
]]></system-out>
  </testcase>
  <testcase name="findAll_shouldReturnAllReservations" classname="tn.esprit.spring.Services.Reservation.ReservationServiceUnitTest" time="0.02">
    <system-out><![CDATA[Hibernate: select r1_0.id_reservation,r1_0.annee_universitaire,r1_0.est_valide from t_reservation r1_0
Hibernate: select r1_0.id_reservation,r1_0.annee_universitaire,r1_0.est_valide from t_reservation r1_0 where r1_0.id_reservation=?
Hibernate: insert into t_reservation (annee_universitaire,est_valide,id_reservation) values (?,?,?)
Hibernate: select r1_0.id_reservation,r1_0.annee_universitaire,r1_0.est_valide from t_reservation r1_0 where r1_0.id_reservation=?
Hibernate: insert into t_reservation (annee_universitaire,est_valide,id_reservation) values (?,?,?)
Hibernate: select r1_0.id_reservation,r1_0.annee_universitaire,r1_0.est_valide from t_reservation r1_0
]]></system-out>
  </testcase>
  <testcase name="findById_shouldReturnReservationById" classname="tn.esprit.spring.Services.Reservation.ReservationServiceUnitTest" time="0.02">
    <system-out><![CDATA[Hibernate: select r1_0.id_reservation,r1_0.annee_universitaire,r1_0.est_valide from t_reservation r1_0
Hibernate: delete from t_reservation_etudiants where reservations_id_reservation=?
Hibernate: delete from t_reservation_etudiants where reservations_id_reservation=?
Hibernate: delete from t_reservation where id_reservation=?
Hibernate: delete from t_reservation where id_reservation=?
Hibernate: select r1_0.id_reservation,r1_0.annee_universitaire,r1_0.est_valide from t_reservation r1_0 where r1_0.id_reservation=?
Hibernate: insert into t_reservation (annee_universitaire,est_valide,id_reservation) values (?,?,?)
Hibernate: select r1_0.id_reservation,r1_0.annee_universitaire,r1_0.est_valide from t_reservation r1_0 where r1_0.id_reservation=?
]]></system-out>
  </testcase>
</testsuite>